[05-16 21:10:45 @ PIN.Core.Language] Language is now set to pt-BR
[05-16 21:13:10 @ PIN.Core.Language] Language is now set to pt-BR
[05-16 21:15:29 @ PIN.Core.Language] Language is now set to pt-BR
[05-16 21:20:32 @ PIN.Core.Language] Language is now set to pt-BR
[05-16 21:21:08 @ PIN.Core.Language] Language is now set to pt-BR
[05-16 21:21:53 @ PIN.Core.Language] Language is now set to pt-BR
[05-16 21:25:53 @ PIN.Core.Language] Language is now set to pt-BR
[05-16 21:27:13 @ PIN.Core.Language] Language is now set to pt-BR
[05-16 21:29:11 @ PIN.Core.Managers.Manager] Beginning firefox installation.
[05-16 21:29:11 @ PIN.Core.Managers.Manager] Beginning googlechrome installation.
[05-16 21:45:15 @ PIN.Core.Language] Language is now set to pt-BR
[05-16 21:47:11 @ PIN.Core.Managers.Manager] Beginning firefox installation.
[05-16 21:47:11 @ PIN.Core.Managers.Manager] Beginning googlechrome installation.
[05-16 22:03:50 @ PIN.Core.Language] Language is now set to pt-BR
[05-16 22:05:47 @ PIN.Core.Managers.Manager] Beginning firefox installation.
[05-16 22:05:47 @ PIN.Core.Managers.Manager] Beginning googlechrome installation.
[05-16 22:17:13 @ PIN.Core.Language] Language is now set to pt-BR
[05-16 22:19:12 @ PIN.Core.Managers.Manager] Beginning firefox installation.
[05-16 22:19:12 @ PIN.Core.Managers.Manager] Beginning googlechrome installation.
[05-16 22:48:34 @ PIN.Core.Language] Language is now set to pt-BR
[05-16 22:50:44 @ PIN.Core.Managers.Manager] Beginning firefox installation.
[05-16 22:50:44 @ PIN.Core.Managers.Manager] Beginning googlechrome installation.
[05-16 22:53:28 @ PIN.Core.Language] Language is now set to pt-BR
[05-16 22:53:33 @ PIN.Core.Managers.Manager] Beginning firefox installation.
[05-16 22:54:02 @ PIN.Core.Language] Language is now set to pt-BR
[05-16 23:11:22 @ PIN.Core.Language] Language is now set to pt-BR
[05-16 23:13:56 @ PIN.Core.Language] Language is now set to pt-BR
[05-17 00:01:05 @ PIN.Core.Language] Language is now set to pt-BR
[05-17 00:01:45 @ PIN.Core.Language] Language is now set to pt-BR
[05-17 00:03:58 @ PIN.Core.Language] Language is now set to pt-BR
[05-18 13:27:47 @ PIN.Core.Language] Language is now set to pt-BR
[05-18 13:27:47 @ PIN.Core.Managers.Manager] Beginning googlechrome installation.
[05-18 13:36:52 @ PIN.Core.Language] Language is now set to pt-BR
[05-21 20:08:26 @ PIN.Core.Language] Language is now set to pt-br
[05-21 20:08:59 @ PIN.Core.Language] Language is now set to pt-br
[05-21 20:10:03 @ PIN.Core.Language] Language is now set to pt-br
[05-21 20:10:31 @ PIN.Core.Language] Language is now set to pt-br
[05-21 20:10:31 @ PIN.Core.Managers.Manager] Beginning Example installation.
[05-24 22:46:51 @ PIN.Core.Language] Language is now set to pt-br
[05-24 22:46:51 @ PIN.Core.Managers.Manager] Beginning Example installation.
[05-24 23:01:15 @ PIN.Core.Language] Language is now set to pt-br
[05-24 23:01:22 @ PIN.Core.Managers.Manager] Beginning googlechrome installation.
[05-24 23:01:23 @ PIN.Core.Managers.Manager] Beginning vlc installation.
[05-24 23:01:23 @ PIN.Core.Managers.Manager] Beginning Example installation.
[05-25 19:55:59 @ PIN.Core.Language] Language is now set to pt-br
[05-25 20:02:50 @ PIN.Core.Language] Language is now set to pt-br
[05-25 20:06:16 @ PIN.Core.Language] Language is now set to pt-br
[05-25 20:40:27 @ PIN.Core.Language] Language is now set to pt-br
[05-25 20:48:28 @ PIN.Core.Language] Language is now set to pt-br
[05-25 20:57:29 @ PIN.Core.Language] Language is now set to pt-br
[05-25 21:00:25 @ PIN.Core.Language] Language is now set to pt-br
[05-28 00:50:20 @ PIN.Core.Language] Language is now set to pt-br
