[05-16 21:29:11 @ PIN.Core.Managers.Manager] Packages loaded. Valid [2] Ignored [0] Invalid [0]
[05-16 21:47:11 @ PIN.Core.Managers.Manager] Packages loaded. Valid [2] Ignored [0] Invalid [0]
[05-16 22:05:44 @ PIN.Core.Packages.Chocolatey] googlechrome failed to download. System.Net.WebException: O tempo limite da operação foi atingido
   em System.Net.HttpWebRequest.GetResponse()
   em PIN.Core.Utils.GetDownloadSize(String url)
   em PIN.Core.Managers.Download.StartDownload(String url, String path, String packagename)
   em PIN.Core.Packages.Chocolatey.StartDownload(String path)
[05-16 22:05:47 @ PIN.Core.Managers.Manager] Packages loaded. Valid [2] Ignored [0] Invalid [0]
[05-16 22:19:08 @ PIN.Core.Packages.Chocolatey] googlechrome failed to download. System.Net.WebException: O tempo limite da operação foi atingido
   em System.Net.HttpWebRequest.GetResponse()
   em PIN.Core.Utils.GetDownloadSize(String url)
   em PIN.Core.Managers.Download.StartDownload(String url, String path, String packagename)
   em PIN.Core.Packages.Chocolatey.StartDownload(String path)
[05-16 22:19:12 @ PIN.Core.Managers.Manager] Packages loaded. Valid [2] Ignored [0] Invalid [0]
[05-16 22:50:29 @ PIN.Core.Packages.Chocolatey] googlechrome failed to download. System.Net.WebException: O tempo limite da operação foi atingido
   em System.Net.HttpWebRequest.GetResponse()
   em PIN.Core.Utils.GetDownloadSize(String url)
   em PIN.Core.Managers.Download.StartDownload(String url, String path, String packagename)
   em PIN.Core.Packages.Chocolatey.StartDownload(String path)
[05-16 22:50:43 @ PIN.Core.Packages.Chocolatey] firefox failed to download. System.Net.WebException: O nome remoto não pôde ser resolvido: 'download.mozilla.org'
   em System.Net.HttpWebRequest.GetResponse()
   em PIN.Core.Utils.GetDownloadSize(String url)
   em PIN.Core.Managers.Download.StartDownload(String url, String path, String packagename)
   em PIN.Core.Packages.Chocolatey.StartDownload(String path)
[05-16 22:50:44 @ PIN.Core.Managers.Manager] Packages loaded. Valid [2] Ignored [0] Invalid [0]
[05-16 22:51:05 @ PIN.Core.Managers.Download] Sucessfully downloaded Firefox
[05-16 22:51:33 @ PIN.Core.Managers.Download] Sucessfully downloaded Googlechrome
[05-16 22:51:43 @ PIN.Core.Managers.Download] Sucessfully downloaded Googlechrome x64
[05-16 22:51:48 @ PIN.Core.Managers.Download] Sucessfully downloaded Firefox x64
[05-16 22:53:33 @ PIN.Core.Managers.Manager] Packages loaded. Valid [2] Ignored [0] Invalid [0]
[05-16 22:54:13 @ PIN.Core.Managers.Manager] Packages loaded. Valid [2] Ignored [0] Invalid [0]
[05-16 22:55:42 @ PIN.Core.Managers.Download] Sucessfully downloaded Firefox x64
[05-16 22:55:43 @ PIN.Core.Managers.Download] Sucessfully downloaded Firefox
[05-16 23:11:30 @ PIN.Core.Managers.Manager] Packages loaded. Valid [2] Ignored [0] Invalid [0]
[05-16 23:12:54 @ PIN.Core.Managers.Download] Sucessfully downloaded Firefox
[05-16 23:13:05 @ PIN.Core.Managers.Download] Sucessfully downloaded Firefox x64
[05-16 23:14:01 @ PIN.Core.Managers.Manager] Packages loaded. Valid [2] Ignored [0] Invalid [0]
[05-17 00:01:56 @ PIN.Core.Managers.Manager] Packages loaded. Valid [1] Ignored [0] Invalid [0]
[05-17 00:03:17 @ PIN.Core.Managers.Download] Sucessfully downloaded Googlechrome x64
[05-17 00:03:17 @ PIN.Core.Managers.Download] Sucessfully downloaded Googlechrome
[05-17 00:04:02 @ PIN.Core.Managers.Manager] Packages loaded. Valid [1] Ignored [0] Invalid [0]
[05-17 00:05:30 @ PIN.Core.Managers.Download] Sucessfully downloaded Googlechrome
[05-17 00:05:33 @ PIN.Core.Managers.Download] Sucessfully downloaded Googlechrome x64
[05-18 13:27:47 @ PIN.Core.Managers.Manager] Packages loaded. Valid [1] Ignored [0] Invalid [0]
[05-21 20:08:59 @ PIN.Core.Managers.Manager] Packages loaded. Valid [0] Ignored [0] Invalid [0]
[05-21 20:10:03 @ PIN.Core.Managers.Manager] Packages loaded. Valid [1] Ignored [0] Invalid [0]
[05-21 20:10:31 @ PIN.Core.Managers.Manager] Packages loaded. Valid [1] Ignored [0] Invalid [0]
[05-24 22:46:51 @ PIN.Core.Managers.Manager] Packages loaded. Valid [1] Ignored [0] Invalid [0]
[05-24 22:49:51 @ PIN.Core.Packages.ChocolateyDownloader] Sucessfully downloaded Vlc x64
[05-24 23:01:16 @ PIN.Core.Managers.Manager] Packages loaded. Valid [3] Ignored [0] Invalid [0]
[05-24 23:01:22 @ PIN.Core.Packages.Chocolatey] skype failed to download. System.ArgumentNullException: Valor não pode ser nulo.
Nome do parâmetro: requestUriString
   em System.Net.WebRequest.Create(String requestUriString)
   em PIN.Core.Utils.GetDownloadSize(String url)
   em PIN.Core.Packages.CDownloader.StartDownload(String url, String path, String packagename)
   em PIN.Core.Packages.Chocolatey.StartDownload(String path)
[05-24 23:11:11 @ PIN.Core.Packages.CDownloader] Sucessfully downloaded Skype
[05-25 19:55:59 @ PIN.Core.Managers.Manager] Packages loaded. Valid [1] Ignored [0] Invalid [0]
[05-25 20:02:50 @ PIN.Core.Managers.Manager] Packages loaded. Valid [1] Ignored [0] Invalid [0]
[05-25 20:06:16 @ PIN.Core.Managers.Manager] Packages loaded. Valid [1] Ignored [0] Invalid [0]
[05-25 20:40:27 @ PIN.Core.Managers.Manager] Packages loaded. Valid [1] Ignored [0] Invalid [0]
[05-25 20:48:29 @ PIN.Core.Managers.Manager] Packages loaded. Valid [1] Ignored [0] Invalid [0]
[05-25 20:48:34 @ PIN.Core.Packages.Chocolatey] skype failed to download. System.ArgumentNullException: Valor não pode ser nulo.
Nome do parâmetro: requestUriString
   em System.Net.WebRequest.Create(String requestUriString)
   em PIN.Core.Utils.GetDownloadSize(String url)
   em PIN.Core.Packages.CDownloader.StartDownload(String url, String path, String packagename)
   em PIN.Core.Packages.Chocolatey.StartDownload(String path)
[05-25 20:50:33 @ PIN.Core.Packages.CDownloader] Sucessfully downloaded Skype
[05-25 20:57:29 @ PIN.Core.Managers.Manager] Packages loaded. Valid [1] Ignored [0] Invalid [0]
[05-25 20:57:34 @ PIN.Core.Packages.Chocolatey] skype failed to download. System.ArgumentNullException: Valor não pode ser nulo.
Nome do parâmetro: requestUriString
   em System.Net.WebRequest.Create(String requestUriString)
   em PIN.Core.Utils.GetDownloadSize(String url)
   em PIN.Core.Packages.CDownloader.StartDownload(String url, String path, String packagename)
   em PIN.Core.Packages.Chocolatey.StartDownload(String path)
[05-25 20:59:18 @ PIN.Core.Packages.CDownloader] Sucessfully downloaded Skype
[05-25 21:00:26 @ PIN.Core.Managers.Manager] Packages loaded. Valid [1] Ignored [0] Invalid [0]
[05-25 21:02:17 @ PIN.Core.Packages.CDownloader] Sucessfully downloaded Firefox
[05-25 21:02:48 @ PIN.Core.Packages.CDownloader] Sucessfully downloaded Googlechrome
[05-25 21:03:08 @ PIN.Core.Packages.CDownloader] Sucessfully downloaded Googlechrome x64
[05-25 21:04:44 @ PIN.Core.Packages.CDownloader] Sucessfully downloaded Firefox x64
[05-28 00:50:20 @ PIN.Core.Managers.Manager] Packages loaded. Valid [3] Ignored [0] Invalid [0]
